<?xml version="1.0" encoding="UTF-8"?>
<!-- Generated by org.testng.reporters.JUnitReportReporter -->
<testsuite skipped="0" hostname="CESCHNDES-0080" name="com.wikipedia.SearchWikipediaTest" tests="1" failures="0" timestamp="04 Feb 2019 10:53:55 GMT" time="6.792" errors="0">
  <testcase name="SearchWikipedia" time="6.792" classname="com.wikipedia.SearchWikipediaTest"/>
</testsuite> <!-- com.wikipedia.SearchWikipediaTest -->
